C:\Users\penelope.pitsi\Desktop\address Book\Adress_Book\ClientSideApp\dist\out-tsc\e2e\src\app.po.js
C:\Users\penelope.pitsi\Desktop\address Book\Adress_Book\ClientSideApp\dist\out-tsc\e2e\src\app.po.js.map
C:\Users\penelope.pitsi\Desktop\address Book\Adress_Book\ClientSideApp\dist\out-tsc\e2e\src\app.e2e-spec.js
C:\Users\penelope.pitsi\Desktop\address Book\Adress_Book\ClientSideApp\dist\out-tsc\e2e\src\app.e2e-spec.js.map
C:\Users\penelope.pitsi\Desktop\address Book\Adress_Book\ClientSideApp\dist\out-tsc\src\app\models\contact.js
C:\Users\penelope.pitsi\Desktop\address Book\Adress_Book\ClientSideApp\dist\out-tsc\src\app\models\contact.js.map
C:\Users\penelope.pitsi\Desktop\address Book\Adress_Book\ClientSideApp\dist\out-tsc\src\environments\environment.js
C:\Users\penelope.pitsi\Desktop\address Book\Adress_Book\ClientSideApp\dist\out-tsc\src\environments\environment.js.map
C:\Users\penelope.pitsi\Desktop\address Book\Adress_Book\ClientSideApp\dist\out-tsc\src\app\service\contact.service.js
C:\Users\penelope.pitsi\Desktop\address Book\Adress_Book\ClientSideApp\dist\out-tsc\src\app\service\contact.service.js.map
C:\Users\penelope.pitsi\Desktop\address Book\Adress_Book\ClientSideApp\dist\out-tsc\src\app\components\routes\home\home.component.js
C:\Users\penelope.pitsi\Desktop\address Book\Adress_Book\ClientSideApp\dist\out-tsc\src\app\components\routes\home\home.component.js.map
C:\Users\penelope.pitsi\Desktop\address Book\Adress_Book\ClientSideApp\dist\out-tsc\src\app\components\routes\create-contact\create.component.js
C:\Users\penelope.pitsi\Desktop\address Book\Adress_Book\ClientSideApp\dist\out-tsc\src\app\components\routes\create-contact\create.component.js.map
C:\Users\penelope.pitsi\Desktop\address Book\Adress_Book\ClientSideApp\dist\out-tsc\src\app\models\contact-type.js
C:\Users\penelope.pitsi\Desktop\address Book\Adress_Book\ClientSideApp\dist\out-tsc\src\app\models\contact-type.js.map
C:\Users\penelope.pitsi\Desktop\address Book\Adress_Book\ClientSideApp\dist\out-tsc\src\app\service\contact-type.service.js
C:\Users\penelope.pitsi\Desktop\address Book\Adress_Book\ClientSideApp\dist\out-tsc\src\app\service\contact-type.service.js.map
C:\Users\penelope.pitsi\Desktop\address Book\Adress_Book\ClientSideApp\dist\out-tsc\src\app\models\contact-details.js
C:\Users\penelope.pitsi\Desktop\address Book\Adress_Book\ClientSideApp\dist\out-tsc\src\app\models\contact-details.js.map
C:\Users\penelope.pitsi\Desktop\address Book\Adress_Book\ClientSideApp\dist\out-tsc\src\app\service\contact-details.service.js
C:\Users\penelope.pitsi\Desktop\address Book\Adress_Book\ClientSideApp\dist\out-tsc\src\app\service\contact-details.service.js.map
C:\Users\penelope.pitsi\Desktop\address Book\Adress_Book\ClientSideApp\dist\out-tsc\src\app\components\routes\contact-details\contact-details.component.js
C:\Users\penelope.pitsi\Desktop\address Book\Adress_Book\ClientSideApp\dist\out-tsc\src\app\components\routes\contact-details\contact-details.component.js.map
C:\Users\penelope.pitsi\Desktop\address Book\Adress_Book\ClientSideApp\dist\out-tsc\src\app\app-routing.module.js
C:\Users\penelope.pitsi\Desktop\address Book\Adress_Book\ClientSideApp\dist\out-tsc\src\app\app-routing.module.js.map
C:\Users\penelope.pitsi\Desktop\address Book\Adress_Book\ClientSideApp\dist\out-tsc\src\app\app.component.js
C:\Users\penelope.pitsi\Desktop\address Book\Adress_Book\ClientSideApp\dist\out-tsc\src\app\app.component.js.map
C:\Users\penelope.pitsi\Desktop\address Book\Adress_Book\ClientSideApp\dist\out-tsc\src\app\components\layout\main-nav.component.js
C:\Users\penelope.pitsi\Desktop\address Book\Adress_Book\ClientSideApp\dist\out-tsc\src\app\components\layout\main-nav.component.js.map
C:\Users\penelope.pitsi\Desktop\address Book\Adress_Book\ClientSideApp\dist\out-tsc\src\app\app.module.js
C:\Users\penelope.pitsi\Desktop\address Book\Adress_Book\ClientSideApp\dist\out-tsc\src\app\app.module.js.map
C:\Users\penelope.pitsi\Desktop\address Book\Adress_Book\ClientSideApp\dist\out-tsc\src\main.js
C:\Users\penelope.pitsi\Desktop\address Book\Adress_Book\ClientSideApp\dist\out-tsc\src\main.js.map
C:\Users\penelope.pitsi\Desktop\address Book\Adress_Book\ClientSideApp\dist\out-tsc\src\polyfills.js
C:\Users\penelope.pitsi\Desktop\address Book\Adress_Book\ClientSideApp\dist\out-tsc\src\polyfills.js.map
C:\Users\penelope.pitsi\Desktop\address Book\Adress_Book\ClientSideApp\dist\out-tsc\src\test.js
C:\Users\penelope.pitsi\Desktop\address Book\Adress_Book\ClientSideApp\dist\out-tsc\src\test.js.map
C:\Users\penelope.pitsi\Desktop\address Book\Adress_Book\ClientSideApp\dist\out-tsc\src\app\app.component.spec.js
C:\Users\penelope.pitsi\Desktop\address Book\Adress_Book\ClientSideApp\dist\out-tsc\src\app\app.component.spec.js.map
C:\Users\penelope.pitsi\Desktop\address Book\Adress_Book\ClientSideApp\dist\out-tsc\src\app\components\routes\get-contact\get-contact.component.js
C:\Users\penelope.pitsi\Desktop\address Book\Adress_Book\ClientSideApp\dist\out-tsc\src\app\components\routes\get-contact\get-contact.component.js.map
C:\Users\penelope.pitsi\Desktop\address Book\Adress_Book\ClientSideApp\dist\out-tsc\src\app\components\routes\remove-contact\remove.component.js
C:\Users\penelope.pitsi\Desktop\address Book\Adress_Book\ClientSideApp\dist\out-tsc\src\app\components\routes\remove-contact\remove.component.js.map
C:\Users\penelope.pitsi\Desktop\address Book\Adress_Book\ClientSideApp\dist\out-tsc\src\app\components\routes\update-contact\update.component.js
C:\Users\penelope.pitsi\Desktop\address Book\Adress_Book\ClientSideApp\dist\out-tsc\src\app\components\routes\update-contact\update.component.js.map
C:\Users\penelope.pitsi\Desktop\address Book\Adress_Book\ClientSideApp\dist\out-tsc\src\environments\environment.prod.js
C:\Users\penelope.pitsi\Desktop\address Book\Adress_Book\ClientSideApp\dist\out-tsc\src\environments\environment.prod.js.map
